  app.cpp
C:\Users\giall\Desktop\Programming\C++\ConsoleRenderer\ConsoleRenderer\ConsoleRenderer\src\app.cpp(13,27): warning C4305: 'initializing': truncation from 'double' to 'float'
C:\Users\giall\Desktop\Programming\C++\ConsoleRenderer\ConsoleRenderer\ConsoleRenderer\src\app.cpp(22,31): warning C4244: 'initializing': conversion from 'double' to 'int', possible loss of data
C:\Users\giall\Desktop\Programming\C++\ConsoleRenderer\ConsoleRenderer\ConsoleRenderer\src\app.cpp(22,24): warning C4244: 'initializing': conversion from 'double' to 'const int', possible loss of data
C:\Users\giall\Desktop\Programming\C++\ConsoleRenderer\ConsoleRenderer\ConsoleRenderer\src\app.cpp(23,30): warning C4244: 'initializing': conversion from 'double' to 'int', possible loss of data
C:\Users\giall\Desktop\Programming\C++\ConsoleRenderer\ConsoleRenderer\ConsoleRenderer\src\app.cpp(23,23): warning C4244: 'initializing': conversion from 'double' to 'const int', possible loss of data
C:\Users\giall\Desktop\Programming\C++\ConsoleRenderer\ConsoleRenderer\ConsoleRenderer\src\app.cpp(80,18): warning C4244: 'initializing': conversion from 'float' to 'int', possible loss of data
C:\Users\giall\Desktop\Programming\C++\ConsoleRenderer\ConsoleRenderer\ConsoleRenderer\src\app.cpp(97,10): warning C4244: 'initializing': conversion from 'double' to 'int', possible loss of data
C:\Users\giall\Desktop\Programming\C++\ConsoleRenderer\ConsoleRenderer\ConsoleRenderer\src\app.cpp(98,10): warning C4244: 'initializing': conversion from 'double' to 'int', possible loss of data
C:\Users\giall\Desktop\Programming\C++\ConsoleRenderer\ConsoleRenderer\ConsoleRenderer\src\app.cpp(104,10): warning C4244: 'initializing': conversion from 'double' to 'int', possible loss of data
C:\Users\giall\Desktop\Programming\C++\ConsoleRenderer\ConsoleRenderer\ConsoleRenderer\src\app.cpp(105,10): warning C4244: 'initializing': conversion from 'double' to 'int', possible loss of data
C:\Users\giall\Desktop\Programming\C++\ConsoleRenderer\ConsoleRenderer\ConsoleRenderer\src\app.cpp(114,10): warning C4244: 'initializing': conversion from 'double' to 'int', possible loss of data
C:\Users\giall\Desktop\Programming\C++\ConsoleRenderer\ConsoleRenderer\ConsoleRenderer\src\app.cpp(115,10): warning C4244: 'initializing': conversion from 'double' to 'int', possible loss of data
C:\Users\giall\Desktop\Programming\C++\ConsoleRenderer\ConsoleRenderer\ConsoleRenderer\src\app.cpp(122,10): warning C4244: 'initializing': conversion from 'double' to 'int', possible loss of data
C:\Users\giall\Desktop\Programming\C++\ConsoleRenderer\ConsoleRenderer\ConsoleRenderer\src\app.cpp(123,10): warning C4244: 'initializing': conversion from 'double' to 'int', possible loss of data
C:\Users\giall\Desktop\Programming\C++\ConsoleRenderer\ConsoleRenderer\ConsoleRenderer\src\app.cpp(182,9): warning C4244: 'initializing': conversion from 'float' to 'int', possible loss of data
C:\Users\giall\Desktop\Programming\C++\ConsoleRenderer\ConsoleRenderer\ConsoleRenderer\src\app.cpp(183,9): warning C4244: 'initializing': conversion from 'double' to 'int', possible loss of data
C:\Users\giall\Desktop\Programming\C++\ConsoleRenderer\ConsoleRenderer\ConsoleRenderer\src\app.cpp(184,9): warning C4244: 'initializing': conversion from 'float' to 'int', possible loss of data
C:\Users\giall\Desktop\Programming\C++\ConsoleRenderer\ConsoleRenderer\ConsoleRenderer\src\app.cpp(193,19): warning C4244: 'initializing': conversion from 'double' to 'int', possible loss of data
C:\Users\giall\Desktop\Programming\C++\ConsoleRenderer\ConsoleRenderer\ConsoleRenderer\src\app.cpp(234,9): warning C4244: 'initializing': conversion from 'float' to 'int', possible loss of data
C:\Users\giall\Desktop\Programming\C++\ConsoleRenderer\ConsoleRenderer\ConsoleRenderer\src\app.cpp(235,9): warning C4244: 'initializing': conversion from 'double' to 'int', possible loss of data
C:\Users\giall\Desktop\Programming\C++\ConsoleRenderer\ConsoleRenderer\ConsoleRenderer\src\app.cpp(269,10): warning C4244: 'initializing': conversion from 'float' to 'int', possible loss of data
C:\Users\giall\Desktop\Programming\C++\ConsoleRenderer\ConsoleRenderer\ConsoleRenderer\src\app.cpp(270,10): warning C4244: 'initializing': conversion from 'float' to 'int', possible loss of data
C:\Users\giall\Desktop\Programming\C++\ConsoleRenderer\ConsoleRenderer\ConsoleRenderer\src\app.cpp(271,10): warning C4244: 'initializing': conversion from 'float' to 'int', possible loss of data
C:\Users\giall\Desktop\Programming\C++\ConsoleRenderer\ConsoleRenderer\ConsoleRenderer\src\app.cpp(273,23): warning C4838: conversion from 'int' to 'float' requires a narrowing conversion
C:\Users\giall\Desktop\Programming\C++\ConsoleRenderer\ConsoleRenderer\ConsoleRenderer\src\app.cpp(273,23): warning C4244: 'initializing': conversion from 'int' to 'float', possible loss of data
C:\Users\giall\Desktop\Programming\C++\ConsoleRenderer\ConsoleRenderer\ConsoleRenderer\src\app.cpp(273,25): warning C4838: conversion from 'int' to 'float' requires a narrowing conversion
C:\Users\giall\Desktop\Programming\C++\ConsoleRenderer\ConsoleRenderer\ConsoleRenderer\src\app.cpp(273,25): warning C4244: 'initializing': conversion from 'int' to 'float', possible loss of data
C:\Users\giall\Desktop\Programming\C++\ConsoleRenderer\ConsoleRenderer\ConsoleRenderer\src\app.cpp(273,27): warning C4838: conversion from 'int' to 'float' requires a narrowing conversion
C:\Users\giall\Desktop\Programming\C++\ConsoleRenderer\ConsoleRenderer\ConsoleRenderer\src\app.cpp(273,27): warning C4244: 'initializing': conversion from 'int' to 'float', possible loss of data
C:\Users\giall\Desktop\Programming\C++\ConsoleRenderer\ConsoleRenderer\ConsoleRenderer\src\app.cpp(276,13): warning C4244: '=': conversion from 'float' to 'int', possible loss of data
C:\Users\giall\Desktop\Programming\C++\ConsoleRenderer\ConsoleRenderer\ConsoleRenderer\src\app.cpp(277,13): warning C4244: '=': conversion from 'double' to 'int', possible loss of data
C:\Users\giall\Desktop\Programming\C++\ConsoleRenderer\ConsoleRenderer\ConsoleRenderer\src\app.cpp(278,13): warning C4244: '=': conversion from 'float' to 'int', possible loss of data
C:\Users\giall\Desktop\Programming\C++\ConsoleRenderer\ConsoleRenderer\ConsoleRenderer\src\app.cpp(49): warning C4172: returning address of local variable or temporary: Rz
C:\Users\giall\Desktop\Programming\C++\ConsoleRenderer\ConsoleRenderer\ConsoleRenderer\src\app.cpp(31): warning C4172: returning address of local variable or temporary: Rx
C:\Users\giall\Desktop\Programming\C++\ConsoleRenderer\ConsoleRenderer\ConsoleRenderer\src\app.cpp(74): warning C4172: returning address of local variable or temporary: transformed_vector_2
C:\Users\giall\Desktop\Programming\C++\ConsoleRenderer\ConsoleRenderer\ConsoleRenderer\src\app.cpp(40): warning C4172: returning address of local variable or temporary: Ry
  ConsoleRenderer.vcxproj -> C:\Users\giall\Desktop\Programming\C++\ConsoleRenderer\ConsoleRenderer\x64\Debug\ConsoleRenderer.exe
